statistics/build-f01-isolated/outputs/logs/manifest-merger-debug-report.txt
-- Merging decision tree log ---
manifest
ADDED from src\main\AndroidManifest.xml:2:1-18:12
INJECTED from src\main\AndroidManifest.xml:2:1-18:12
	package
		INJECTED from src\main\AndroidManifest.xml
	xmlns:tools
		ADDED from src\main\AndroidManifest.xml:4:5-51
	xmlns:dist
		ADDED from src\main\AndroidManifest.xml:3:5-61
	xmlns:android
		ADDED from src\main\AndroidManifest.xml:2:11-69
dist:module
ADDED from src\main\AndroidManifest.xml:6:5-11:19
	dist:title
		ADDED from src\main\AndroidManifest.xml:6:18-62
dist:delivery
ADDED from src\main\AndroidManifest.xml:7:9-9:25
dist:install-time
ADDED from src\main\AndroidManifest.xml:8:13-34
dist:fusing
ADDED from src\main\AndroidManifest.xml:10:9-45
	dist:include
		ADDED from src\main\AndroidManifest.xml:10:22-42
application
ADDED from src\main\AndroidManifest.xml:13:5-16:19
	tools:ignore
		ADDED from src\main\AndroidManifest.xml:13:18-92
activity#com.adsamcik.tracker.statistics.detail.activity.StatsDetailActivity
ADDED from src\main\AndroidManifest.xml:14:9-104
	android:name
		ADDED from src\main\AndroidManifest.xml:14:19-101
activity#com.adsamcik.tracker.statistics.wifi.WifiBrowseActivity
ADDED from src\main\AndroidManifest.xml:15:9-92
	android:name
		ADDED from src\main\AndroidManifest.xml:15:19-89
uses-sdk
INJECTED from src\main\AndroidManifest.xml reason: use-sdk injection requested
INJECTED from src\main\AndroidManifest.xml
INJECTED from src\main\AndroidManifest.xml
	android:targetSdkVersion
		INJECTED from src\main\AndroidManifest.xml
	android:minSdkVersion
		INJECTED from src\main\AndroidManifest.xml